[debug] [2022-03-10T03:47:57.272Z] ----------------------------------------------------------------------
[debug] [2022-03-10T03:47:57.274Z] Command:       /usr/local/bin/firebase /Users/evanfreymiller/.cache/firebase/tools/lib/node_modules/firebase-tools/lib/bin/firebase deploy
[debug] [2022-03-10T03:47:57.274Z] CLI Version:   9.19.0
[debug] [2022-03-10T03:47:57.274Z] Platform:      darwin
[debug] [2022-03-10T03:47:57.274Z] Node Version:  v12.18.1
[debug] [2022-03-10T03:47:57.278Z] Time:          Wed Mar 09 2022 22:47:57 GMT-0500 (Eastern Standard Time)
[debug] [2022-03-10T03:47:57.278Z] ----------------------------------------------------------------------
[debug] 
[debug] [2022-03-10T03:47:57.338Z] > command requires scopes: ["email","openid","https://www.googleapis.com/auth/cloudplatformprojects.readonly","https://www.googleapis.com/auth/firebase","https://www.googleapis.com/auth/cloud-platform"]
[debug] [2022-03-10T03:47:57.338Z] > authorizing via signed-in user (ejf1990@gmail.com)
[debug] [2022-03-10T03:47:57.338Z] [iam] checking project findabikerack for permissions ["firebase.projects.get","firebasehosting.sites.update"]
[debug] [2022-03-10T03:47:57.342Z] >>> HTTP REQUEST POST https://cloudresourcemanager.googleapis.com/v1/projects/findabikerack:testIamPermissions  
 {"permissions":["firebase.projects.get","firebasehosting.sites.update"]}
[debug] [2022-03-10T03:47:57.677Z] <<< HTTP RESPONSE 200 {"content-type":"application/json; charset=UTF-8","vary":"X-Origin, Referer, Origin,Accept-Encoding","date":"Thu, 10 Mar 2022 03:47:57 GMT","server":"ESF","cache-control":"private","x-xss-protection":"0","x-frame-options":"SAMEORIGIN","x-content-type-options":"nosniff","server-timing":"gfet4t7; dur=131","alt-svc":"h3=\":443\"; ma=2592000,h3-29=\":443\"; ma=2592000,h3-Q050=\":443\"; ma=2592000,h3-Q046=\":443\"; ma=2592000,h3-Q043=\":443\"; ma=2592000,quic=\":443\"; ma=2592000; v=\"46,43\"","accept-ranges":"none","transfer-encoding":"chunked"}
[debug] [2022-03-10T03:47:57.679Z] > refreshing access token with scopes: []
[debug] [2022-03-10T03:47:57.679Z] >>> HTTP REQUEST POST https://www.googleapis.com/oauth2/v3/token  
 <request body omitted>
[debug] [2022-03-10T03:47:57.880Z] <<< HTTP RESPONSE 200 {"pragma":"no-cache","cache-control":"no-cache, no-store, max-age=0, must-revalidate","date":"Thu, 10 Mar 2022 03:47:58 GMT","expires":"Mon, 01 Jan 1990 00:00:00 GMT","content-type":"application/json; charset=utf-8","vary":"X-Origin, Referer, Origin,Accept-Encoding","server":"scaffolding on HTTPServer2","x-xss-protection":"0","x-frame-options":"SAMEORIGIN","x-content-type-options":"nosniff","alt-svc":"h3=\":443\"; ma=2592000,h3-29=\":443\"; ma=2592000,h3-Q050=\":443\"; ma=2592000,h3-Q046=\":443\"; ma=2592000,h3-Q043=\":443\"; ma=2592000,quic=\":443\"; ma=2592000; v=\"46,43\"","accept-ranges":"none","transfer-encoding":"chunked"}
[debug] [2022-03-10T03:47:57.927Z] >>> [apiv2][query] GET https://firebase.googleapis.com/v1beta1/projects/findabikerack [none]
[debug] [2022-03-10T03:47:58.346Z] <<< [apiv2][status] GET https://firebase.googleapis.com/v1beta1/projects/findabikerack 200
[debug] [2022-03-10T03:47:58.346Z] <<< [apiv2][body] GET https://firebase.googleapis.com/v1beta1/projects/findabikerack {"projectId":"findabikerack","projectNumber":"908358787268","displayName":"locked","name":"projects/findabikerack","resources":{"hostingSite":"findabikerack","realtimeDatabaseInstance":"findabikerack-default-rtdb","storageBucket":"findabikerack.appspot.com","locationId":"us-central"},"state":"ACTIVE"}
[info] 
[info] === Deploying to 'findabikerack'...
[info] 
[info] i  deploying hosting 
[debug] [2022-03-10T03:47:58.349Z] > refreshing access token with scopes: ["email","https://www.googleapis.com/auth/cloud-platform","https://www.googleapis.com/auth/cloudplatformprojects.readonly","https://www.googleapis.com/auth/firebase","openid"]
[debug] [2022-03-10T03:47:58.349Z] >>> HTTP REQUEST POST https://www.googleapis.com/oauth2/v3/token  
 <request body omitted>
[debug] [2022-03-10T03:47:58.509Z] <<< HTTP RESPONSE 200 {"pragma":"no-cache","expires":"Mon, 01 Jan 1990 00:00:00 GMT","cache-control":"no-cache, no-store, max-age=0, must-revalidate","date":"Thu, 10 Mar 2022 03:47:58 GMT","content-type":"application/json; charset=utf-8","vary":"X-Origin, Referer, Origin,Accept-Encoding","server":"scaffolding on HTTPServer2","x-xss-protection":"0","x-frame-options":"SAMEORIGIN","x-content-type-options":"nosniff","alt-svc":"h3=\":443\"; ma=2592000,h3-29=\":443\"; ma=2592000,h3-Q050=\":443\"; ma=2592000,h3-Q046=\":443\"; ma=2592000,h3-Q043=\":443\"; ma=2592000,quic=\":443\"; ma=2592000; v=\"46,43\"","accept-ranges":"none","transfer-encoding":"chunked"}
[debug] [2022-03-10T03:47:58.552Z] >>> HTTP REQUEST POST https://firebasehosting.googleapis.com/v1beta1/sites/lockandkey/versions  
 {"config":{"rewrites":[{"glob":"**","path":"/index.html"}]},"labels":{"deployment-tool":"cli-firebase"}}
[debug] [2022-03-10T03:47:59.645Z] <<< HTTP RESPONSE 200 {"content-type":"application/json; charset=UTF-8","vary":"X-Origin, Referer, Origin,Accept-Encoding","date":"Thu, 10 Mar 2022 03:47:59 GMT","server":"ESF","cache-control":"private","x-xss-protection":"0","x-frame-options":"SAMEORIGIN","x-content-type-options":"nosniff","alt-svc":"h3=\":443\"; ma=2592000,h3-29=\":443\"; ma=2592000,h3-Q050=\":443\"; ma=2592000,h3-Q046=\":443\"; ma=2592000,h3-Q043=\":443\"; ma=2592000,quic=\":443\"; ma=2592000; v=\"46,43\"","accept-ranges":"none","transfer-encoding":"chunked"}
[info] i  hosting[lockandkey]: beginning deploy... 
[info] i  hosting[lockandkey]: found 16 files in build 
[debug] [2022-03-10T03:47:59.764Z] > refreshing access token with scopes: []
[debug] [2022-03-10T03:47:59.764Z] >>> HTTP REQUEST POST https://www.googleapis.com/oauth2/v3/token  
 <request body omitted>
[debug] [2022-03-10T03:47:59.767Z] [hosting] hash cache [YnVpbGQ] stored for 16 files
[debug] [2022-03-10T03:47:59.767Z] [hosting][hash queue][FINAL] {"max":102,"min":4,"avg":11.3125,"active":0,"complete":16,"success":16,"errored":0,"retried":0,"total":16,"elapsed":108}
[debug] [2022-03-10T03:47:59.935Z] <<< HTTP RESPONSE 200 {"cache-control":"no-cache, no-store, max-age=0, must-revalidate","expires":"Mon, 01 Jan 1990 00:00:00 GMT","date":"Thu, 10 Mar 2022 03:48:00 GMT","pragma":"no-cache","content-type":"application/json; charset=utf-8","vary":"X-Origin, Referer, Origin,Accept-Encoding","server":"scaffolding on HTTPServer2","x-xss-protection":"0","x-frame-options":"SAMEORIGIN","x-content-type-options":"nosniff","alt-svc":"h3=\":443\"; ma=2592000,h3-29=\":443\"; ma=2592000,h3-Q050=\":443\"; ma=2592000,h3-Q046=\":443\"; ma=2592000,h3-Q043=\":443\"; ma=2592000,quic=\":443\"; ma=2592000; v=\"46,43\"","accept-ranges":"none","transfer-encoding":"chunked"}
[debug] [2022-03-10T03:47:59.977Z] >>> [apiv2][query] POST https://firebasehosting.googleapis.com/v1beta1/sites/lockandkey/versions/735e7bfab29f1b86:populateFiles [none]
[debug] [2022-03-10T03:47:59.977Z] >>> [apiv2][body] POST https://firebasehosting.googleapis.com/v1beta1/sites/lockandkey/versions/735e7bfab29f1b86:populateFiles {"files":{"/asset-manifest.json":"756c80cd13beeae5410c9af0dc84203500546177388de4eef135f90041bceffb","/index.html":"3c911901c0d5154202e48a2b9eedc607a6f4367db41a717093ca7c6e6ee57933","/logo192.png":"2b8fbfa6543a68dc10e1b0b0a4948d70666320ee1fb6f619faf7a94d7d704eb9","/favicon.ico":"703a96bec72ad4626d12ef97a465a681490c8d01c3a6a65c3d707ef0d84faf78","/static/css/main.2052e1d1.chunk.css":"42902ded339d82549e881f03187da5477249bdf8723423da4223b4d28b1027b4","/static/js/2.9c4999ad.chunk.js.LICENSE.txt":"109cb90cfdd544672045e679020db00fcae20e06683750a56a3121299fe3db4e","/logo512.png":"e338776ae027b46f9b6864207a3ec3ab6ee1d39ccfe518d6ae26387164699b91","/static/js/3.92ab5f67.chunk.js":"e9007180b4238cb81354e551122bbf62985fa5a852d541ad5bf4e2bf4a18a426","/static/js/runtime-main.f5436fb1.js":"65335259d91d6f30aa5c1e8c525dedc671ea2b545d1dc8bc3853aa26c063ce24","/static/media/logo.fb2febb6.svg":"d1404254a915251d8583393ce78a74228adcb2601cc8fec7bfd1c1e452622f53","/robots.txt":"391d14b3c2f8c9143a27a28c7399585142228d4d1bdbe2c87ac946de411fa9a2","/manifest.json":"d91e8ff82872613cbc89e0530be1abb069538fcb6de8593f9c8984143e31dd9a","/static/css/2.577a4170.chunk.css":"312089f0791c59b7175c4b90003c405915e3711155d6afd48e22ce012bbed89f","/static/js/main.7400f873.chunk.js":"d1675b7cabfa1d9d5e66e60092ba5a01c6d6b614534bbd8071afb9a2c6ce6720","/static/media/map.d77894fe.jpeg":"c6b81f623342ce6d3f27c1b5aedf1fd75c0c0fb51ee7b6ec89102ae88d9bedae","/static/js/2.9c4999ad.chunk.js":"403cc90e8cc4ccf51ee0b217f6a3cd3e11d389e0c1a813e017ee2ebea40fc635"}}
[debug] [2022-03-10T03:48:00.472Z] <<< [apiv2][status] POST https://firebasehosting.googleapis.com/v1beta1/sites/lockandkey/versions/735e7bfab29f1b86:populateFiles 200
[debug] [2022-03-10T03:48:00.472Z] <<< [apiv2][body] POST https://firebasehosting.googleapis.com/v1beta1/sites/lockandkey/versions/735e7bfab29f1b86:populateFiles {"uploadRequiredHashes":["403cc90e8cc4ccf51ee0b217f6a3cd3e11d389e0c1a813e017ee2ebea40fc635","756c80cd13beeae5410c9af0dc84203500546177388de4eef135f90041bceffb","d1675b7cabfa1d9d5e66e60092ba5a01c6d6b614534bbd8071afb9a2c6ce6720","3c911901c0d5154202e48a2b9eedc607a6f4367db41a717093ca7c6e6ee57933"],"uploadUrl":"https://upload-firebasehosting.googleapis.com/upload/sites/lockandkey/versions/735e7bfab29f1b86/files"}
[debug] [2022-03-10T03:48:00.473Z] >>> [apiv2][query] POST https://upload-firebasehosting.googleapis.com/upload/sites/lockandkey/versions/735e7bfab29f1b86/files/403cc90e8cc4ccf51ee0b217f6a3cd3e11d389e0c1a813e017ee2ebea40fc635 [none]
[debug] [2022-03-10T03:48:00.473Z] >>> [apiv2][body] POST https://upload-firebasehosting.googleapis.com/upload/sites/lockandkey/versions/735e7bfab29f1b86/files/403cc90e8cc4ccf51ee0b217f6a3cd3e11d389e0c1a813e017ee2ebea40fc635 [stream]
[debug] [2022-03-10T03:48:00.474Z] >>> [apiv2][query] POST https://upload-firebasehosting.googleapis.com/upload/sites/lockandkey/versions/735e7bfab29f1b86/files/756c80cd13beeae5410c9af0dc84203500546177388de4eef135f90041bceffb [none]
[debug] [2022-03-10T03:48:00.474Z] >>> [apiv2][body] POST https://upload-firebasehosting.googleapis.com/upload/sites/lockandkey/versions/735e7bfab29f1b86/files/756c80cd13beeae5410c9af0dc84203500546177388de4eef135f90041bceffb [stream]
[debug] [2022-03-10T03:48:00.475Z] >>> [apiv2][query] POST https://upload-firebasehosting.googleapis.com/upload/sites/lockandkey/versions/735e7bfab29f1b86/files/d1675b7cabfa1d9d5e66e60092ba5a01c6d6b614534bbd8071afb9a2c6ce6720 [none]
[debug] [2022-03-10T03:48:00.475Z] >>> [apiv2][body] POST https://upload-firebasehosting.googleapis.com/upload/sites/lockandkey/versions/735e7bfab29f1b86/files/d1675b7cabfa1d9d5e66e60092ba5a01c6d6b614534bbd8071afb9a2c6ce6720 [stream]
[debug] [2022-03-10T03:48:00.476Z] >>> [apiv2][query] POST https://upload-firebasehosting.googleapis.com/upload/sites/lockandkey/versions/735e7bfab29f1b86/files/3c911901c0d5154202e48a2b9eedc607a6f4367db41a717093ca7c6e6ee57933 [none]
[debug] [2022-03-10T03:48:00.476Z] >>> [apiv2][body] POST https://upload-firebasehosting.googleapis.com/upload/sites/lockandkey/versions/735e7bfab29f1b86/files/3c911901c0d5154202e48a2b9eedc607a6f4367db41a717093ca7c6e6ee57933 [stream]
[debug] [2022-03-10T03:48:00.478Z] [hosting][populate queue][FINAL] {"max":710,"min":710,"avg":710,"active":0,"complete":1,"success":1,"errored":0,"retried":0,"total":1,"elapsed":715}
[debug] [2022-03-10T03:48:00.478Z] [hosting] uploads queued: 4
[debug] [2022-03-10T03:48:01.650Z] <<< [apiv2][status] POST https://upload-firebasehosting.googleapis.com/upload/sites/lockandkey/versions/735e7bfab29f1b86/files/d1675b7cabfa1d9d5e66e60092ba5a01c6d6b614534bbd8071afb9a2c6ce6720 200
[debug] [2022-03-10T03:48:01.651Z] <<< [apiv2][body] POST https://upload-firebasehosting.googleapis.com/upload/sites/lockandkey/versions/735e7bfab29f1b86/files/d1675b7cabfa1d9d5e66e60092ba5a01c6d6b614534bbd8071afb9a2c6ce6720 [stream]
[debug] [2022-03-10T03:48:01.706Z] <<< [apiv2][status] POST https://upload-firebasehosting.googleapis.com/upload/sites/lockandkey/versions/735e7bfab29f1b86/files/3c911901c0d5154202e48a2b9eedc607a6f4367db41a717093ca7c6e6ee57933 200
[debug] [2022-03-10T03:48:01.706Z] <<< [apiv2][body] POST https://upload-firebasehosting.googleapis.com/upload/sites/lockandkey/versions/735e7bfab29f1b86/files/3c911901c0d5154202e48a2b9eedc607a6f4367db41a717093ca7c6e6ee57933 [stream]
[debug] [2022-03-10T03:48:01.866Z] <<< [apiv2][status] POST https://upload-firebasehosting.googleapis.com/upload/sites/lockandkey/versions/735e7bfab29f1b86/files/756c80cd13beeae5410c9af0dc84203500546177388de4eef135f90041bceffb 200
[debug] [2022-03-10T03:48:01.866Z] <<< [apiv2][body] POST https://upload-firebasehosting.googleapis.com/upload/sites/lockandkey/versions/735e7bfab29f1b86/files/756c80cd13beeae5410c9af0dc84203500546177388de4eef135f90041bceffb [stream]
[debug] [2022-03-10T03:48:02.227Z] <<< [apiv2][status] POST https://upload-firebasehosting.googleapis.com/upload/sites/lockandkey/versions/735e7bfab29f1b86/files/403cc90e8cc4ccf51ee0b217f6a3cd3e11d389e0c1a813e017ee2ebea40fc635 200
[debug] [2022-03-10T03:48:02.228Z] <<< [apiv2][body] POST https://upload-firebasehosting.googleapis.com/upload/sites/lockandkey/versions/735e7bfab29f1b86/files/403cc90e8cc4ccf51ee0b217f6a3cd3e11d389e0c1a813e017ee2ebea40fc635 [stream]
[debug] [2022-03-10T03:48:02.229Z] [hosting][upload queue][FINAL] {"max":1757,"min":1178,"avg":1390.5,"active":0,"complete":4,"success":4,"errored":0,"retried":0,"total":4,"elapsed":1757}
[info] ✔  hosting[lockandkey]: file upload complete 
[debug] [2022-03-10T03:48:02.233Z] [hosting] deploy completed after 2587ms
[debug] [2022-03-10T03:48:02.236Z] [
  {
    "config": {
      "site": "lockandkey",
      "public": "build",
      "ignore": [
        "firebase.json",
        "**/.*",
        "**/node_modules/**"
      ],
      "rewrites": [
        {
          "source": "**",
          "destination": "/index.html"
        }
      ]
    },
    "site": "lockandkey",
    "version": "sites/lockandkey/versions/735e7bfab29f1b86"
  }
]
[info] i  hosting[lockandkey]: finalizing version... 
[debug] [2022-03-10T03:48:02.238Z] > refreshing access token with scopes: ["email","https://www.googleapis.com/auth/cloud-platform","https://www.googleapis.com/auth/cloudplatformprojects.readonly","https://www.googleapis.com/auth/firebase","openid"]
[debug] [2022-03-10T03:48:02.238Z] >>> HTTP REQUEST POST https://www.googleapis.com/oauth2/v3/token  
 <request body omitted>
[debug] [2022-03-10T03:48:02.352Z] <<< HTTP RESPONSE 200 {"cache-control":"no-cache, no-store, max-age=0, must-revalidate","date":"Thu, 10 Mar 2022 03:48:02 GMT","expires":"Mon, 01 Jan 1990 00:00:00 GMT","pragma":"no-cache","content-type":"application/json; charset=utf-8","vary":"X-Origin, Referer, Origin,Accept-Encoding","server":"scaffolding on HTTPServer2","x-xss-protection":"0","x-frame-options":"SAMEORIGIN","x-content-type-options":"nosniff","alt-svc":"h3=\":443\"; ma=2592000,h3-29=\":443\"; ma=2592000,h3-Q050=\":443\"; ma=2592000,h3-Q046=\":443\"; ma=2592000,h3-Q043=\":443\"; ma=2592000,quic=\":443\"; ma=2592000; v=\"46,43\"","accept-ranges":"none","transfer-encoding":"chunked"}
[debug] [2022-03-10T03:48:02.402Z] >>> HTTP REQUEST PATCH https://firebasehosting.googleapis.com/v1beta1/sites/lockandkey/versions/735e7bfab29f1b86?updateMask=status  
 {"status":"FINALIZED"}
